# name/game/hands/seed matchName holdem.nolimit.2p.reverse_blinds.game 1000 0
#--t_response 600000
#--t_hand 600000
#--t_per_hand 7000
STATE:0:r20000f:5d5c|9hQd:-100|100:Alice|Bob
STATE:1:r3222f:6sKs|5dJd:-100|100:Bob|Alice
STATE:2:f:Ah8s|2h4c:50|-50:Alice|Bob
STATE:3:f:4s8s|6hJd:50|-50:Bob|Alice
STATE:4:r20000f:5s4c|Kc7d:-100|100:Alice|Bob
STATE:5:f:KhTh|8s7d:50|-50:Bob|Alice
STATE:6:f:Kc8h|5cAs:50|-50:Alice|Bob
STATE:7:f:Ah6c|2c3d:50|-50:Bob|Alice
STATE:8:f:2hAd|Js7c:50|-50:Alice|Bob
STATE:9:f:Qd5h|9h2d:50|-50:Bob|Alice
STATE:10:cr19409r20000c///:KcAd|Jd5c/6s7c4h/Ks/Kh:20000|-20000:Alice|Bob
STATE:11:f:9dTc|9s4h:50|-50:Bob|Alice
STATE:12:r200c/r5682r11164f:3hTs|AdQd/9d7h4h:-5682|5682:Alice|Bob
STATE:13:f:8h9s|3d2s:50|-50:Bob|Alice
STATE:14:cr11417r20000f:2d3s|6sQh:-11417|11417:Alice|Bob
STATE:15:r8183r20000c///:3c4c|Th7s/5d6c8s/6h/3d:20000|-20000:Bob|Alice
STATE:16:f:3c8d|Ks6c:50|-50:Alice|Bob
STATE:17:f:Kc7c|2s7d:50|-50:Bob|Alice
STATE:18:r20000f:AsJh|8d2c:-100|100:Alice|Bob
STATE:19:cc/cr2244r4388c/cr6834r9280r14148f:2h6d|7dKc/5sAs6h/6s:-9280|9280:Bob|Alice
STATE:20:f:5cAs|2s7h:50|-50:Alice|Bob
STATE:21:f:9sTs|7d4h:50|-50:Bob|Alice
STATE:22:r200r4795r20000c///:5sJh|8dTh/5c2d5d/Tc/Ad:20000|-20000:Alice|Bob
STATE:23:cc/r20000c//:6c7s|AcTh/TsAhQh/5s/As:-20000|20000:Bob|Alice
STATE:24:r200f:9d3h|Qh6s:-100|100:Alice|Bob
STATE:25:f:2s3d|7dTs:50|-50:Bob|Alice
STATE:26:cr12899f:5dJs|9h4h:100|-100:Alice|Bob
STATE:27:r9534c/r9634f:2d2s|8s4d/TcAd5d:9534|-9534:Bob|Alice
STATE:28:f:AdTd|Qd2c:50|-50:Alice|Bob
STATE:29:f:8s2d|8h9d:50|-50:Bob|Alice
STATE:30:f:3c2s|4sTs:50|-50:Alice|Bob
STATE:31:f:Jd9c|6s8s:50|-50:Bob|Alice
STATE:32:r20000f:QsKd|7c7d:-100|100:Alice|Bob
STATE:33:cr200c/cr501r802r13707f:Th5d|Qs8h/7sAcJs:-802|802:Bob|Alice
STATE:34:f:7hAc|AdAs:50|-50:Alice|Bob
STATE:35:f:AsAh|2dQs:50|-50:Bob|Alice
STATE:36:cr394c/r4667r20000c//:AhQc|8c5c/4dAs4h/4s/6d:20000|-20000:Alice|Bob
STATE:37:f:KcQd|8sJc:50|-50:Bob|Alice
STATE:38:cr14264f:Ad6s|Qh8h:100|-100:Alice|Bob
STATE:39:cr20000f:9sTc|6cAs:100|-100:Bob|Alice
STATE:40:f:5d6s|8hKc:50|-50:Alice|Bob
STATE:41:f:4d6d|9s6s:50|-50:Bob|Alice
STATE:42:r20000f:ThQh|Kc8s:-100|100:Alice|Bob
STATE:43:f:7s8h|9h4c:50|-50:Bob|Alice
STATE:44:cc/cc/cr20000c/:9c6h|3dJh/AhTs9d/7s/7h:20000|-20000:Alice|Bob
STATE:45:r11282f:5c3s|7c8h:-100|100:Bob|Alice
STATE:46:f:8hJd|5cQh:50|-50:Alice|Bob
STATE:47:cr20000f:Qc2s|JsAh:100|-100:Bob|Alice
STATE:48:r200r4100c/r8632r13164f:5cJc|Jd4c/3hAc4d:-8632|8632:Alice|Bob
STATE:49:f:QhTd|Js3c:50|-50:Bob|Alice
STATE:50:r200c/r11739f:Tc5d|JsAd/4h7s8s:200|-200:Alice|Bob
STATE:51:cr20000f:Ah7c|AsKc:100|-100:Bob|Alice
STATE:52:f:5cJh|Th8h:50|-50:Alice|Bob
STATE:53:f:Qd5c|3h6d:50|-50:Bob|Alice
STATE:54:f:7s4h|7h9d:50|-50:Alice|Bob
STATE:55:f:8c6s|Tc8h:50|-50:Bob|Alice
STATE:56:cr2377r4654c/cc/cr20000c/:Ks7d|9hTs/Jd4h9c/3c/6h:-20000|20000:Alice|Bob
STATE:57:f:5cAh|9dTh:50|-50:Bob|Alice
STATE:58:r20000f:2c9h|5hKh:-100|100:Alice|Bob
STATE:59:r14287r20000c///:4dTd|9s9c/TcJcKh/5s/7h:20000|-20000:Bob|Alice
STATE:60:cc/r13931f:5s9s|3c4c/Jc3sAs:100|-100:Alice|Bob
STATE:61:r19642r20000c///:Jd5d|4s4d/6c8h7s/Jh/7h:20000|-20000:Bob|Alice
STATE:62:f:5s2s|Kh2c:50|-50:Alice|Bob
STATE:63:f:7c5s|9c2c:50|-50:Bob|Alice
STATE:64:r200r8641r20000f:7c9d|8s9h:-8641|8641:Alice|Bob
STATE:65:cc/cc/r20000f:8h7h|Ah2s/3dJh4s/Qd:100|-100:Bob|Alice
STATE:66:r20000f:QhAd|5s3h:-100|100:Alice|Bob
STATE:67:r1248f:4d6d|9hJc:-100|100:Bob|Alice
STATE:68:r200c/r4145r8090f:7h6d|6h4d/3cJd7d:-4145|4145:Alice|Bob
STATE:69:f:Jh4c|9d2d:50|-50:Bob|Alice
STATE:70:r200r16584f:Ah4d|JhTs:200|-200:Alice|Bob
STATE:71:f:6c5h|8h2s:50|-50:Bob|Alice
STATE:72:r20000f:3c3s|7c3h:-100|100:Alice|Bob
STATE:73:r10256r20000c///:3s5d|Kh2h/3h2d9h/8d/9d:20000|-20000:Bob|Alice
STATE:74:cc/r17433r20000f:5c3c|2dJh/Kh6c9h:-17433|17433:Alice|Bob
STATE:75:f:Kc7s|2s6d:50|-50:Bob|Alice
STATE:76:r200r13052f:Qh9s|Tc5d:200|-200:Alice|Bob
STATE:77:f:JsTd|5s2c:50|-50:Bob|Alice
STATE:78:r20000f:As8s|4cQc:-100|100:Alice|Bob
STATE:79:r10325r20000c///:3c6h|3dKc/5hJc3h/9s/8h:-20000|20000:Bob|Alice
STATE:80:f:6d6s|Tc6c:50|-50:Alice|Bob
STATE:81:f:5s6s|7c3s:50|-50:Bob|Alice
STATE:82:cc/r5273c/r16629f:2sQs|2c7d/AhAd8c/9h:5273|-5273:Alice|Bob
STATE:83:f:8dTc|2h6c:50|-50:Bob|Alice
STATE:84:f:Ah9d|5c6c:50|-50:Alice|Bob
STATE:85:f:3d8h|5d2s:50|-50:Bob|Alice
STATE:86:f:6d8h|6h6c:50|-50:Alice|Bob
STATE:87:r18029r20000c///:AdAc|8d8s/2cKhTs/8c/Qh:-20000|20000:Bob|Alice
STATE:88:r200c/cr20000f:Jh2c|2hKc/5s8dTs:-200|200:Alice|Bob
STATE:89:cc/r200r6182f:JsKc|JdQh/Ts9c5d:-200|200:Bob|Alice
STATE:90:f:2sTs|Kd6s:50|-50:Alice|Bob
STATE:91:r594c/cc/cr12989c/r13089r13559r14029r14995r15961c:7d9h|JdKc/KhQdJc/Ts/Td:15961|-15961:Bob|Alice
STATE:92:cc/r6905c/r10085f:8hJc|JhAc/6s5s6d/9h:6905|-6905:Alice|Bob
STATE:93:f:Jh2d|2c5h:50|-50:Bob|Alice
STATE:94:cc/cc/r16639c/r16980r17321c:Tc3s|9s4h/Td8d5c/Qh/Jd:-17321|17321:Alice|Bob
STATE:95:f:9dAd|5sTc:50|-50:Bob|Alice
STATE:96:r200c/r9638c/r17014r20000c/:4sQh|8dTc/QcJsAh/Jd/3c:20000|-20000:Alice|Bob
STATE:97:r17385c/cc/cr18899r20000c/:Qd9h|AsAd/3d4s6s/2h/9d:-20000|20000:Bob|Alice
STATE:98:cr7797c/r11465c/r17332f:QsQc|7cQh/Kd6h3h/Kh:11465|-11465:Alice|Bob
STATE:99:cr20000f:4cTs|Qs9s:100|-100:Bob|Alice
STATE:100:r200r6275r12350c/r14566r16782c/r17737r18692r19972f:Qd2c|3cKh/8h8c7h/Kd:18692|-18692:Alice|Bob
STATE:101:r7657r20000c///:Qs6d|7s7h/8c8h2c/3d/8d:-20000|20000:Bob|Alice
STATE:102:f:JsKc|5dTh:50|-50:Alice|Bob
STATE:103:f:Js5h|Td3h:50|-50:Bob|Alice
STATE:104:cc/r8132c/cc/r12275r20000f:Qs8d|9c8h/5hKh3c/6h/Kc:-12275|12275:Alice|Bob
STATE:105:f:Th6d|5s4d:50|-50:Bob|Alice
STATE:106:r20000f:Qd7c|3d8c:-100|100:Alice|Bob
STATE:107:f:JsTc|Jd5s:50|-50:Bob|Alice
STATE:108:r200c/cr20000f:4hJc|5s6h/9d3dQc:-200|200:Alice|Bob
STATE:109:cr200r5819r11438r17605r20000c///:2d5d|4s4c/5s3d7d/Ad/As:20000|-20000:Bob|Alice
STATE:110:cr19614r20000c///:8c7c|3d2h/Qs7dTc/Th/2d:20000|-20000:Alice|Bob
STATE:111:cr20000f:AcQc|5sKh:100|-100:Bob|Alice
STATE:112:r200r17173c/r18984r20000c//:8d9s|9d7h/2hJh6h/5c/As:20000|-20000:Alice|Bob
STATE:113:f:Ad6s|3c6h:50|-50:Bob|Alice
STATE:114:r20000f:9sKc|3sAs:-100|100:Alice|Bob
STATE:115:cr20000f:3d2s|9cKh:100|-100:Bob|Alice
STATE:116:f:Jc6h|9s9h:50|-50:Alice|Bob
STATE:117:f:AhTd|6c3c:50|-50:Bob|Alice
STATE:118:r20000f:Js8d|Jc6c:-100|100:Alice|Bob
STATE:119:r12111f:Tc7s|Ac7d:-100|100:Bob|Alice
STATE:120:r20000f:Td6s|6cJs:-100|100:Alice|Bob
STATE:121:f:5cTs|4d7c:50|-50:Bob|Alice
STATE:122:cr9038r20000c///:2c2h|Ah7h/4hTs5d/Jc/Qs:20000|-20000:Alice|Bob
STATE:123:cr20000f:9c5d|KhAh:100|-100:Bob|Alice
STATE:124:r200c/r3768c/r19289r20000c/:Qh6c|9s5d/8d8sJd/Kd/8h:20000|-20000:Alice|Bob
STATE:125:f:Tc6c|8c6d:50|-50:Bob|Alice
STATE:126:r200r7413f:As9d|3d9c:200|-200:Alice|Bob
STATE:127:f:QcKd|3d9c:50|-50:Bob|Alice
STATE:128:cr10965r20000c///:Kc8d|2cKd/6c5dTh/4c/5s:20000|-20000:Alice|Bob
STATE:129:f:As5d|4hQs:50|-50:Bob|Alice
STATE:130:f:7s8d|Ad3s:50|-50:Alice|Bob
STATE:131:cr20000f:2hJh|JdKs:100|-100:Bob|Alice
STATE:132:cr19262f:9d2c|Qh8d:100|-100:Alice|Bob
STATE:133:f:9dJc|6dJh:50|-50:Bob|Alice
STATE:134:cr16195c/cr20000c//:Tc8c|5d9h/AhTs7h/8h/Kd:20000|-20000:Alice|Bob
STATE:135:f:9d2s|6c8c:50|-50:Bob|Alice
STATE:136:r200r19786f:2d3d|5sQh:200|-200:Alice|Bob
STATE:137:cr20000f:3d5h|QsTd:100|-100:Bob|Alice
STATE:138:r20000f:TsQd|5hTd:-100|100:Alice|Bob
STATE:139:f:3c5d|5c7s:50|-50:Bob|Alice
STATE:140:cr8674f:6s4s|2dKd:100|-100:Alice|Bob
STATE:141:r3832f:Ah7c|QsJc:-100|100:Bob|Alice
STATE:142:f:5c2s|Qc7c:50|-50:Alice|Bob
STATE:143:f:5c8s|Js6s:50|-50:Bob|Alice
STATE:144:cr18102r20000c///:Qh6s|AdKs/9dJd2s/Ah/Qd:-20000|20000:Alice|Bob
STATE:145:f:2c9s|Jh2s:50|-50:Bob|Alice
STATE:146:f:5d6c|7d6d:50|-50:Alice|Bob
STATE:147:f:AdKh|6h5s:50|-50:Bob|Alice
STATE:148:r20000f:2d5d|Kc6d:-100|100:Alice|Bob
STATE:149:f:As9d|5c3h:50|-50:Bob|Alice
STATE:150:cr2591r20000f:Td5d|AsJs:-2591|2591:Alice|Bob
STATE:151:f:KsKh|2c5h:50|-50:Bob|Alice
STATE:152:f:JcQd|7c3s:50|-50:Alice|Bob
STATE:153:r7163r20000c///:2s3s|Qs8c/JsAs5h/Ac/Kc:-20000|20000:Bob|Alice
STATE:154:r200c/r16303r20000c//:5h5d|4d2s/5s6sQh/7c/Ks:20000|-20000:Alice|Bob
STATE:155:f:TcAd|Qs7d:50|-50:Bob|Alice
STATE:156:r20000f:4c7h|4s9d:-100|100:Alice|Bob
STATE:157:f:5c3s|Jc4s:50|-50:Bob|Alice
STATE:158:r20000f:5h6s|Kc6c:-100|100:Alice|Bob
STATE:159:f:Ah8d|9s7h:50|-50:Bob|Alice
STATE:160:cr3328c/r7531f:3d3s|7cTs/2h2sKs:3328|-3328:Alice|Bob
STATE:161:cr200c/cr3507r20000f:Qh4c|6dAc/KcQs4d:3507|-3507:Bob|Alice
STATE:162:r200c/cr20000c//:4cQd|Td4h/6d3d5s/Js/6c:20000|-20000:Alice|Bob
STATE:163:cr200c/r20000c//:2c8s|8cJc/Th5c9h/Qs/7h:-20000|20000:Bob|Alice
STATE:164:f:Qc6d|3h5s:50|-50:Alice|Bob
STATE:165:f:9dJs|Qh3d:50|-50:Bob|Alice
STATE:166:r200r7780c/r12538f:8dKd|Ac9h/Th2c6d:7780|-7780:Alice|Bob
STATE:167:f:KsTd|7s2d:50|-50:Bob|Alice
STATE:168:f:AdQd|3d3c:50|-50:Alice|Bob
STATE:169:f:8d6c|Tc3s:50|-50:Bob|Alice
STATE:170:r200f:7h6c|AdKc:-100|100:Alice|Bob
STATE:171:f:Ac7s|Td6c:50|-50:Bob|Alice
STATE:172:cr14778c/r16562r18346r20000f:Kd5c|TsJh/6c5h3s:18346|-18346:Alice|Bob
STATE:173:f:Th5d|Js4h:50|-50:Bob|Alice
STATE:174:r200f:2d4h|Jd6s:-100|100:Alice|Bob
STATE:175:f:5cJc|2c2h:50|-50:Bob|Alice
STATE:176:r200f:8c4s|TsKd:-100|100:Alice|Bob
STATE:177:f:8hTs|2d3c:50|-50:Bob|Alice
STATE:178:r200r14147r20000c///:8hAh|Kh3s/2hKs2c/Qd/7d:-20000|20000:Alice|Bob
STATE:179:f:9h2c|4dQh:50|-50:Bob|Alice
STATE:180:r200c/r9545r18890f:9d4d|6h7s/AhQs5h:-9545|9545:Alice|Bob
STATE:181:r343c/r443r17349c/r20000c/:7cQc|6s6d/JhKs7h/9s/8s:20000|-20000:Bob|Alice
STATE:182:f:6cTs|Jh4d:50|-50:Alice|Bob
STATE:183:cc/cr12516r20000c//:7c6d|TsJs/3sAh9c/3c/4d:-20000|20000:Bob|Alice
STATE:184:f:8hQc|5s3s:50|-50:Alice|Bob
STATE:185:r8339r20000c///:Td6h|7c7h/Ts6cQd/4h/2c:20000|-20000:Bob|Alice
STATE:186:r20000f:8c5c|Jc9c:-100|100:Alice|Bob
STATE:187:f:QhJh|5h8s:50|-50:Bob|Alice
STATE:188:f:Qs7c|As2h:50|-50:Alice|Bob
STATE:189:r7500r14900r20000c///:Ac7h|8c6h/AhQh9d/9h/2s:20000|-20000:Bob|Alice
STATE:190:r20000f:Ks6h|8dJs:-100|100:Alice|Bob
STATE:191:cc/r200r5689f:9c4d|5cQs/6dQcQd:-200|200:Bob|Alice
STATE:192:f:Qh7h|JhTh:50|-50:Alice|Bob
STATE:193:f:KhKd|4h2s:50|-50:Bob|Alice
STATE:194:r200r7182c/r17983r20000f:6dTs|2dJd/7d5hJs:-17983|17983:Alice|Bob
STATE:195:f:Jd9c|6sQh:50|-50:Bob|Alice
STATE:196:r20000f:JsKs|6h8h:-100|100:Alice|Bob
STATE:197:f:Ks9h|Qd3s:50|-50:Bob|Alice
STATE:198:cr13736r20000c///:5h9c|5cTc/7d4c4d/Ks/2h:-20000|20000:Alice|Bob
STATE:199:f:6h9h|4d7s:50|-50:Bob|Alice
STATE:200:r200f:7s3s|7c4h:-100|100:Alice|Bob
STATE:201:f:3dKd|9d2c:50|-50:Bob|Alice
STATE:202:cr13787f:9c7s|2d9s:100|-100:Alice|Bob
STATE:203:f:9c6d|8s2d:50|-50:Bob|Alice
STATE:204:f:2s5h|Tc3d:50|-50:Alice|Bob
STATE:205:r17905r20000c///:Ts7c|Th7s/2c3s4h/Ad/8s:0|0:Bob|Alice
STATE:206:f:ThAs|Js4s:50|-50:Alice|Bob
STATE:207:r403c/cc/r503c/cr16586r20000f:2sQs|KcJd/4c6c3h/2d/4s:16586|-16586:Bob|Alice
STATE:208:r20000c///:AcAh|9s9c/Ad8c3c/Qs/6h:20000|-20000:Alice|Bob
STATE:209:f:Js5c|2sTd:50|-50:Bob|Alice
STATE:210:r200c/cc/r15549f:Qc6s|Js5h/4s4h8d/6h:200|-200:Alice|Bob
STATE:211:r18653c/cr19875f:TdKs|2dAh/Qh4h9s:-18653|18653:Bob|Alice
STATE:212:r200c/r17956r20000c//:Tc8c|9c6h/8sAc9d/7d/Ks:-20000|20000:Alice|Bob
STATE:213:r1864r20000f:3c6h|Jc7d:1864|-1864:Bob|Alice
STATE:214:r200f:2c6d|Kc8s:-100|100:Alice|Bob
STATE:215:cr20000f:2s3s|Td9d:100|-100:Bob|Alice
STATE:216:r20000f:7d2h|9sQh:-100|100:Alice|Bob
STATE:217:r2302f:AhKs|Th8d:-100|100:Bob|Alice
STATE:218:r20000f:6s6c|Kd8d:-100|100:Alice|Bob
STATE:219:r7444f:4sKc|4hAh:-100|100:Bob|Alice
STATE:220:cr1430r2760c/r19311f:Th7h|7c5d/4s3sJd:2760|-2760:Alice|Bob
STATE:221:f:6sTs|7h9s:50|-50:Bob|Alice
STATE:222:cc/r633f:2d8h|Kc2s/8c3d9s:100|-100:Alice|Bob
STATE:223:r8289f:Tc3c|Kc7h:-100|100:Bob|Alice
STATE:224:f:3h3s|Ts2d:50|-50:Alice|Bob
STATE:225:f:2d4h|6d7d:50|-50:Bob|Alice
STATE:226:f:AsKc|2cTs:50|-50:Alice|Bob
STATE:227:f:6s7d|9s3c:50|-50:Bob|Alice
STATE:228:r20000c///:Ac3s|5h2d/Jc7dQs/9d/4s:20000|-20000:Alice|Bob
STATE:229:r8935f:JsJh|Kh6h:-100|100:Bob|Alice
STATE:230:r200f:2c9c|4d9d:-100|100:Alice|Bob
STATE:231:f:2h2d|3h6s:50|-50:Bob|Alice
STATE:232:r200r5718r20000f:6c9s|JsTs:-5718|5718:Alice|Bob
STATE:233:r7464r20000c///:Qs5h|TcKc/Jh9c2s/8s/Jd:-20000|20000:Bob|Alice
STATE:234:r200c/cc/r6354r12508f:Td6s|AdTc/8c4hKc/3c:-6354|6354:Alice|Bob
STATE:235:f:5s8c|6d4c:50|-50:Bob|Alice
STATE:236:r20000f:8d5s|3s2d:-100|100:Alice|Bob
STATE:237:r4652r9204r18171r20000c///:8h6c|KhAh/QsTd2h/Jc/4h:-20000|20000:Bob|Alice
STATE:238:r20000f:Js3s|6d8h:-100|100:Alice|Bob
STATE:239:f:9sQd|8s6h:50|-50:Bob|Alice
STATE:240:r200c/r9961f:7c4s|Kh2d/AhQdQs:200|-200:Alice|Bob
STATE:241:f:6d6c|3c7h:50|-50:Bob|Alice
STATE:242:r20000f:3d8d|JdAd:-100|100:Alice|Bob
STATE:243:f:3s3h|9h8c:50|-50:Bob|Alice
STATE:244:r20000f:8d7d|Ah9d:-100|100:Alice|Bob
STATE:245:f:QcQs|7dQh:50|-50:Bob|Alice
STATE:246:r20000f:KdJc|QdQs:-100|100:Alice|Bob
STATE:247:f:QsAd|2h7s:50|-50:Bob|Alice
STATE:248:r200c/cr300r6749r13198r19882c/r19993r20000c/:Tc5d|4dKs/4cTsJc/3d/9c:20000|-20000:Alice|Bob
STATE:249:r4010r7920c/r8020r9038r10056c/r20000c/:7c2d|Ks5s/4sAh9h/Qc/6c:-20000|20000:Bob|Alice
STATE:250:r20000f:7h2c|Qd5h:-100|100:Alice|Bob
STATE:251:r14413c/r14513r17070r19627r20000c//:Jh4c|AcTs/3d3c2d/9d/5d:-20000|20000:Bob|Alice
STATE:252:cr12323f:3c3s|Qh5h:100|-100:Alice|Bob
STATE:253:r12450c/r20000f:5s4s|KdTc/7s5c6h:12450|-12450:Bob|Alice
STATE:254:r20000f:2s5s|6h7c:-100|100:Alice|Bob
STATE:255:f:8hAd|5c8s:50|-50:Bob|Alice
STATE:256:f:7dJd|6s5d:50|-50:Alice|Bob
STATE:257:f:9hJs|5c8d:50|-50:Bob|Alice
STATE:258:r20000f:6dAd|6h7s:-100|100:Alice|Bob
STATE:259:f:JhTc|9c4s:50|-50:Bob|Alice
STATE:260:f:7h8s|5cJh:50|-50:Alice|Bob
STATE:261:f:JhKc|9c7s:50|-50:Bob|Alice
STATE:262:r200c/r9841f:8s7s|4cKc/4dKs2d:200|-200:Alice|Bob
STATE:263:f:9d2s|5sQh:50|-50:Bob|Alice
STATE:264:r200c/r12175c/cr20000c/:Jd2d|4dKc/7cKd2h/9c/4s:-20000|20000:Alice|Bob
STATE:265:r8239r20000f:QhKh|9s6s:8239|-8239:Bob|Alice
STATE:266:cr6220r20000f:7sTs|9d2h:-6220|6220:Alice|Bob
STATE:267:f:3cTd|6dQc:50|-50:Bob|Alice
STATE:268:cc/r17336f:5c4s|9h4d/2dQsQd:100|-100:Alice|Bob
STATE:269:f:3d7s|2d9h:50|-50:Bob|Alice
STATE:270:f:9s8h|AsTh:50|-50:Alice|Bob
STATE:271:f:JcJh|Th4d:50|-50:Bob|Alice
STATE:272:r20000f:3s8h|Td5d:-100|100:Alice|Bob
STATE:273:r16486f:7dQh|9dQd:-100|100:Bob|Alice
STATE:274:r200c/r12808c/r17153r20000c/:9dKh|Tc2h/8d2dKs/As/8c:20000|-20000:Alice|Bob
STATE:275:cc/cr599f:As9d|Ad5s/Ac7cQc:-100|100:Bob|Alice
STATE:276:r200f:3c2c|ThAc:-100|100:Alice|Bob
STATE:277:f:Ts7h|Td3s:50|-50:Bob|Alice
STATE:278:r200c/r12700r20000c//:Jd5d|3c5s/7d4h6s/Ks/9h:-20000|20000:Alice|Bob
STATE:279:r5206c/r20000f:Kh3h|TsQc/Kd8s6s:5206|-5206:Bob|Alice
STATE:280:f:4h7h|8sQc:50|-50:Alice|Bob
STATE:281:r18743r20000c///:8sQs|4h6d/7sQhAh/Ts/Th:20000|-20000:Bob|Alice
STATE:282:f:As3s|Ks5h:50|-50:Alice|Bob
STATE:283:f:Js7c|9d3s:50|-50:Bob|Alice
STATE:284:r200r18450c/r19381r20000c//:AhTc|7s2d/7d9hQs/3d/As:20000|-20000:Alice|Bob
STATE:285:f:8h3d|6cQh:50|-50:Bob|Alice
STATE:286:cr7363f:Qs6d|8s5c:100|-100:Alice|Bob
STATE:287:cc/cr7734c/r20000c/:6c6d|8c8s/5dAhQc/3d/2s:-20000|20000:Bob|Alice
STATE:288:r200r16747r20000c///:Ah9h|7c5c/6hKsQs/6c/2h:20000|-20000:Alice|Bob
STATE:289:cr200r3854r7508r15399f:Ac3c|TcKh:-7508|7508:Bob|Alice
STATE:290:cr6218r12336c/cc/cr12436r13435r20000c/:Td5d|6s4d/5s7dQd/Jd/7h:20000|-20000:Alice|Bob
STATE:291:f:9c7c|7s4s:50|-50:Bob|Alice
STATE:292:cr6469f:8hQh|3c9h:100|-100:Alice|Bob
STATE:293:cc/r200c/cr7041c/r7141r16528r20000c:2d7c|8hKs/5c9cKc/6c/5s:20000|-20000:Bob|Alice
STATE:294:cr12662f:5c3h|6cQc:100|-100:Alice|Bob
STATE:295:f:Ac2d|Td4d:50|-50:Bob|Alice
STATE:296:cc/cr20000f:3sQd|2cQs/5c6d3c:-100|100:Alice|Bob
STATE:297:r2346f:8c8h|QhQc:-100|100:Bob|Alice
STATE:298:cr7970r20000c///:9c7c|7s6d/TsTdQc/Qh/7d:20000|-20000:Alice|Bob
STATE:299:cc/r20000c//:7sKc|2dAd/Jd5dKh/3c/Ks:20000|-20000:Bob|Alice
STATE:300:f:2cQc|KhJd:50|-50:Alice|Bob
STATE:301:f:5dKd|Qc6h:50|-50:Bob|Alice
STATE:302:f:3sQc|9c6h:50|-50:Alice|Bob
STATE:303:cc/cr8237r20000c//:As7c|5hKc/3dTh8s/7d/Ks:-20000|20000:Bob|Alice
STATE:304:r200r2258r20000f:Js7c|2h6d:-2258|2258:Alice|Bob
STATE:305:cr20000f:8h6d|2sAs:100|-100:Bob|Alice
STATE:306:cr4504c/r12610r20000f:JcKs|7s5d/9d3cQh:-12610|12610:Alice|Bob
STATE:307:f:Js4s|2d7c:50|-50:Bob|Alice
STATE:308:cc/r2887c/cc/r9655c:Th2h|Ac5d/Qs8cKh/Ad/9c:-9655|9655:Alice|Bob
STATE:309:f:7hKh|5sQc:50|-50:Bob|Alice
STATE:310:cr14437r20000c///:2h2c|5d6c/Kh7h6d/Ac/Td:-20000|20000:Alice|Bob
STATE:311:r19103f:6cAd|QsJh:-100|100:Bob|Alice
STATE:312:f:7h8d|JsKc:50|-50:Alice|Bob
STATE:313:f:6dQh|3hQd:50|-50:Bob|Alice
STATE:314:r20000f:5d6c|TcAc:-100|100:Alice|Bob
STATE:315:cr200c/r300r17497c/cr18558r19619r20000c/:2c5d|Qs9c/Th4sJh/Jc/8d:-20000|20000:Bob|Alice
STATE:316:cr8982r20000c///:Qs2d|3s9d/Kh5c2c/Qd/Ts:20000|-20000:Alice|Bob
STATE:317:f:3h9c|2c4c:50|-50:Bob|Alice
STATE:318:r200r13010r20000c///:ThJh|Qc6c/Jc2c4h/7h/Kc:-20000|20000:Alice|Bob
STATE:319:r15489r20000c///:QdKd|9s8h/6hKc5s/3c/6c:20000|-20000:Bob|Alice
STATE:320:r20000f:5d3h|8cQc:-100|100:Alice|Bob
STATE:321:f:Td9d|7s4h:50|-50:Bob|Alice
STATE:322:cr7515c/r13947f:Js6c|Kh7d/6sAsQh:7515|-7515:Alice|Bob
STATE:323:f:Kc8c|7s9c:50|-50:Bob|Alice
STATE:324:cc/r12900r20000f:Qd7h|Qs4s/Ts4dJd:-12900|12900:Alice|Bob
STATE:325:f:Jh7d|2d9d:50|-50:Bob|Alice
STATE:326:r200f:3h5h|2c4d:-100|100:Alice|Bob
STATE:327:r18043f:KhQc|QhAh:-100|100:Bob|Alice
STATE:328:f:2h8h|QhAs:50|-50:Alice|Bob
STATE:329:f:AsTd|Tc3c:50|-50:Bob|Alice
STATE:330:cr2056r20000c///:AsQd|7c3s/8d7h6c/3h/Qs:-20000|20000:Alice|Bob
STATE:331:cr200r1504r2808r15327r20000c///:8cAc|As3h/9c4s5c/8d/3c:20000|-20000:Bob|Alice
STATE:332:f:Js4h|6h7d:50|-50:Alice|Bob
STATE:333:f:8cKh|3h9s:50|-50:Bob|Alice
STATE:334:r200c/r3433r20000c//:Td4h|8c8h/7d5dJd/Kh/5s:-20000|20000:Alice|Bob
STATE:335:cc/r200c/r20000c/:7h3d|JsAh/9dQsAc/Jd/Kc:-20000|20000:Bob|Alice
STATE:336:r200c/cc/cr300f:Td6s|8cQs/9s2cQd/Ah:-200|200:Alice|Bob
STATE:337:cc/cr7639c/r7739r11464r15189r19216r20000c/:AdKc|Ah7d/Kd6h2d/6c/5d:20000|-20000:Bob|Alice
STATE:338:cc/r8239r20000c//:7dKc|6c3s/7s8d6h/9s/5s:0|0:Alice|Bob
STATE:339:f:3d4d|9d4c:50|-50:Bob|Alice
STATE:340:f:7hJc|4c2d:50|-50:Alice|Bob
STATE:341:f:7dQh|8s9s:50|-50:Bob|Alice
STATE:342:f:5d3d|7cJs:50|-50:Alice|Bob
STATE:343:f:4cKd|4h7c:50|-50:Bob|Alice
STATE:344:r20000f:3sJh|9cTs:-100|100:Alice|Bob
STATE:345:f:8dTh|Td7h:50|-50:Bob|Alice
STATE:346:r20000f:Td4c|JdQc:-100|100:Alice|Bob
STATE:347:cr200c/r300r17499f:6s3c|JdQc/7sTsKh:-300|300:Bob|Alice
STATE:348:cr19489r20000c///:5hKc|3c8d/2h6c2s/Kd/Td:20000|-20000:Alice|Bob
STATE:349:r19325f:Ts8d|AdTd:-100|100:Bob|Alice
STATE:350:f:QcJs|Ks4h:50|-50:Alice|Bob
STATE:351:f:Jd2c|Td6s:50|-50:Bob|Alice
STATE:352:r20000f:3h6s|5sAc:-100|100:Alice|Bob
STATE:353:f:8s6h|4hTc:50|-50:Bob|Alice
STATE:354:r200r11987r20000c///:As8s|2s2d/5s3sJd/8c/Qs:20000|-20000:Alice|Bob
STATE:355:r19305f:8c9s|Jh9h:-100|100:Bob|Alice
STATE:356:f:7c5d|2dJd:50|-50:Alice|Bob
STATE:357:f:5h4c|4s3d:50|-50:Bob|Alice
STATE:358:cc/r9952f:Js4c|Jh7c/JcQs6h:100|-100:Alice|Bob
STATE:359:r19466r20000c///:7d5s|6c9h/Kh7c3c/5c/9s:20000|-20000:Bob|Alice
STATE:360:r20000c///:JdJs|9c3c/5sQc2d/7d/4c:20000|-20000:Alice|Bob
STATE:361:r18624r20000c///:8cJc|Kd7s/6dAdAs/9s/8h:20000|-20000:Bob|Alice
STATE:362:f:KsAh|7s8s:50|-50:Alice|Bob
STATE:363:f:Td2h|9d3h:50|-50:Bob|Alice
STATE:364:cr11822f:QdTh|9dAd:100|-100:Alice|Bob
STATE:365:f:TcJd|6d2c:50|-50:Bob|Alice
STATE:366:cr10456r20000f:6d2h|2c5d:-10456|10456:Alice|Bob
STATE:367:f:3h8c|9s8s:50|-50:Bob|Alice
STATE:368:cr15945c/cc/r17405r20000f:6d3d|TdQh/4h9cJh/Ac:-17405|17405:Alice|Bob
STATE:369:f:2sKd|4dJd:50|-50:Bob|Alice
STATE:370:r200c/r11411f:9dTh|7dJc/2s4c9s:200|-200:Alice|Bob
STATE:371:f:6h9c|9d8c:50|-50:Bob|Alice
STATE:372:r20000f:6dJc|Ah8d:-100|100:Alice|Bob
STATE:373:f:Qs2c|7cTc:50|-50:Bob|Alice
STATE:374:cr13042c/cr20000c//:As7h|8dAh/6dThTc/Jc/Qc:0|0:Alice|Bob
STATE:375:f:6s6d|Ts7c:50|-50:Bob|Alice
STATE:376:r200r8276r16352r20000c///:9s8c|Ac6s/7s8sQc/3d/5c:20000|-20000:Alice|Bob
STATE:377:f:9hTd|Ts8c:50|-50:Bob|Alice
STATE:378:r200r12032f:8hQh|4h5c:200|-200:Alice|Bob
STATE:379:r16048c/r20000c//:9s8c|Js9c/Kd9hJd/Ad/6h:-20000|20000:Bob|Alice
STATE:380:f:5d8d|Kh5h:50|-50:Alice|Bob
STATE:381:r19258f:7c7d|KsQh:-100|100:Bob|Alice
STATE:382:cr19927r20000c///:JdJc|6s9s/KcTh3c/7c/7d:20000|-20000:Alice|Bob
STATE:383:cc/r200r13032r20000c//:8d5c|5h5d/8h2h4h/Qs/Js:20000|-20000:Bob|Alice
STATE:384:f:8c4c|8hAh:50|-50:Alice|Bob
STATE:385:cr200c/r300r12931r20000c//:3h2c|9sAs/Td4sKh/8d/4d:-20000|20000:Bob|Alice
STATE:386:cc/r19065r20000f:2c9h|3hQs/8cAhTh:-19065|19065:Alice|Bob
STATE:387:f:Jc9h|3h6h:50|-50:Bob|Alice
STATE:388:cr3862c/cr3962r18990c/r19313c/r19420r20000c:Th4h|5s7d/Ts6dKh/6s/5c:20000|-20000:Alice|Bob
STATE:389:f:9sJh|2h2c:50|-50:Bob|Alice
STATE:390:f:8h2s|2hKs:50|-50:Alice|Bob
STATE:391:f:5s7c|3s2h:50|-50:Bob|Alice
STATE:392:cr18229r20000c///:Td8c|9s7d/7cAh9h/Ts/8h:20000|-20000:Alice|Bob
STATE:393:cr200c/cc/cc/r20000c:7cJc|8c8d/3sTdQc/6d/Ts:-20000|20000:Bob|Alice
STATE:394:cc/r11970r20000c//:6h7s|8h6d/4hJs3h/Jc/6s:-20000|20000:Alice|Bob
STATE:395:r10076f:Jc3s|8h9s:-100|100:Bob|Alice
STATE:396:r200c/r12256c/r19204r20000c/:3hJs|Kh2d/Qd7s7d/4s/9h:-20000|20000:Alice|Bob
STATE:397:r14019f:KsTs|Qh5d:-100|100:Bob|Alice
STATE:398:r200c/r11130r20000f:8cJd|4c4d/QcAc2s:-11130|11130:Alice|Bob
STATE:399:cc/r20000c//:4s7d|5d5s/9h8h9s/3d/2s:-20000|20000:Bob|Alice
STATE:400:r20000f:3hAc|AhKd:-100|100:Alice|Bob
STATE:401:r19281c/r20000c//:7cQs|JcKd/4hJd4d/4s/5c:-20000|20000:Bob|Alice
STATE:402:r200r15239r20000c///:Qh3c|Js5s/6d9hKd/Jd/8c:-20000|20000:Alice|Bob
STATE:403:cc/cr9500f:Ks6h|Qh8d/JsKhTd:-100|100:Bob|Alice
STATE:404:r200r4157r8114c/r12507r16900c/cr17000c/r19094f:Qc5c|9sKh/Ah5h2d/Kd/3c:17000|-17000:Alice|Bob
STATE:405:cr200r12259c/cr17014r20000c//:2h4d|8s8c/5cQs3c/3d/Kc:-20000|20000:Bob|Alice
STATE:406:r200r19455c/r19848f:3h9c|4d7h/Jc4c6s:19455|-19455:Alice|Bob
STATE:407:cc/r20000f:3d8h|4sAh/TdQs4c:100|-100:Bob|Alice
STATE:408:r20000f:Td9s|9c7d:-100|100:Alice|Bob
STATE:409:r5076c/r20000c//:7s2h|9sKd/6s3h8d/2d/Ah:20000|-20000:Bob|Alice
STATE:410:f:2d6c|Jc7s:50|-50:Alice|Bob
STATE:411:f:8c4h|9h7d:50|-50:Bob|Alice
STATE:412:r20000f:3d5d|Kd2h:-100|100:Alice|Bob
STATE:413:f:6d6c|4s2c:50|-50:Bob|Alice
STATE:414:cc/r14559r20000c//:5sQs|4s2c/6sKsAh/Ad/9h:20000|-20000:Alice|Bob
STATE:415:f:Jd4s|8s2c:50|-50:Bob|Alice
STATE:416:f:AsJs|3h5h:50|-50:Alice|Bob
STATE:417:f:Qd7s|Kc2d:50|-50:Bob|Alice
STATE:418:r200c/r18182r20000c//:8hQd|3c6h/JsTs6d/Kc/Ac:20000|-20000:Alice|Bob
STATE:419:r19724r20000c///:2d8c|Ks8s/Qs9s3c/3h/7h:-20000|20000:Bob|Alice
STATE:420:cc/r18786c/r19327c/cc:4sJd|JsKs/5d2s3h/Qs/6s:-19327|19327:Alice|Bob
STATE:421:f:TcTh|2h5c:50|-50:Bob|Alice
STATE:422:cc/r7768c/r18961r20000c/:8cKh|5cKd/Tc7dTs/Th/5d:-20000|20000:Alice|Bob
STATE:423:r2935f:Ah9h|8d5d:-100|100:Bob|Alice
STATE:424:f:3h6d|5cQc:50|-50:Alice|Bob
STATE:425:f:4d5c|9d6c:50|-50:Bob|Alice
STATE:426:f:7sTh|4sAs:50|-50:Alice|Bob
STATE:427:f:Jc5d|Qs5h:50|-50:Bob|Alice
STATE:428:f:4s2s|Js3h:50|-50:Alice|Bob
STATE:429:f:3s8c|9c5d:50|-50:Bob|Alice
STATE:430:cr17071f:5d4d|2cKc:100|-100:Alice|Bob
STATE:431:cc/r20000f:7d8s|ThJh/7h7cTd:100|-100:Bob|Alice
STATE:432:cr16278f:Qd5s|AcTd:100|-100:Alice|Bob
STATE:433:f:9cAh|3h5h:50|-50:Bob|Alice
STATE:434:r20000f:2sTs|Qh8s:-100|100:Alice|Bob
STATE:435:r4930c/r5030r17110c/cr18241f:2h5c|JsQs/7s5sQh/3h:-17110|17110:Bob|Alice
STATE:436:f:Ah9d|JcAs:50|-50:Alice|Bob
STATE:437:r9870c/r20000c//:Qc2d|Kh3h/6h6c5h/9h/7d:-20000|20000:Bob|Alice
STATE:438:r20000f:7dKd|5cQc:-100|100:Alice|Bob
STATE:439:f:Ts3s|Th2c:50|-50:Bob|Alice
STATE:440:f:Jd8d|8c3h:50|-50:Alice|Bob
STATE:441:r6910f:Jc6c|JdQs:-100|100:Bob|Alice
STATE:442:r200f:4s3s|2hAh:-100|100:Alice|Bob
STATE:443:r7629c/cc/cr16983r20000c/:Ah2d|Qc9h/Kc8d4h/Ks/Qh:-20000|20000:Bob|Alice
STATE:444:cr11855r20000c///:KdTc|9d6s/Js4c8s/8d/4s:20000|-20000:Alice|Bob
STATE:445:f:6cKc|5sJs:50|-50:Bob|Alice
STATE:446:f:Kd5s|6hJc:50|-50:Alice|Bob
STATE:447:cc/cc/cc/r20000f:AcJh|As6h/5d2s7s/8c/Qs:100|-100:Bob|Alice
STATE:448:r20000f:8c7d|4dQs:-100|100:Alice|Bob
STATE:449:cr200c/cr11027f:Td5d|KcAh/5c7cJh:-200|200:Bob|Alice
STATE:450:f:Jd4c|5c7d:50|-50:Alice|Bob
STATE:451:cr20000f:Th5h|6dKs:100|-100:Bob|Alice
STATE:452:r200r16993c/r17773r20000c//:Kh8c|3dTd/6sTcJc/Jd/7d:-20000|20000:Alice|Bob
STATE:453:cc/cr1171f:Qd5h|Ah8s/5dTc6c:-100|100:Bob|Alice
STATE:454:cr1551c/r17746r20000c//:9s3c|7cQc/9hTdKs/Ts/Qh:-20000|20000:Alice|Bob
STATE:455:r400r700r4193r20000c///:5sAs|TdTc/4d2dJc/8d/Th:-20000|20000:Bob|Alice
STATE:456:cc/r16637r20000c//:KsKd|8cTh/2d6c2c/5c/7h:20000|-20000:Alice|Bob
STATE:457:cr200r15107f:9c6h|Qd7d:-200|200:Bob|Alice
STATE:458:r200c/r16308r20000f:5c9h|9d5d/6cTh3d:-16308|16308:Alice|Bob
STATE:459:cr200c/cc/cr429c/cc:8sAd|3hJh/6c8d3d/2s/2c:429|-429:Bob|Alice
STATE:460:r20000f:8sJc|5d7d:-100|100:Alice|Bob
STATE:461:r14193c/r14293r15324c/cc/r15424r17166f:5c4h|KdJc/Js6h3s/Tc/Ac:-15424|15424:Bob|Alice
STATE:462:r20000f:7sJc|4h2s:-100|100:Alice|Bob
STATE:463:f:Ah4d|3cKs:50|-50:Bob|Alice
STATE:464:cc/r19488r20000f:Kc7h|5h7d/Js9c5s:-19488|19488:Alice|Bob
STATE:465:f:2cTs|6c3c:50|-50:Bob|Alice
STATE:466:cr19517f:9s9h|JsAd:100|-100:Alice|Bob
STATE:467:cc/r20000f:8h9s|Kd6d/3dTh9c:100|-100:Bob|Alice
STATE:468:r20000f:Qc3c|2s8c:-100|100:Alice|Bob
STATE:469:f:4h9c|Qh3d:50|-50:Bob|Alice
STATE:470:cc/r1570c/r10049r18528r20000f:5cTs|7h9s/8dTcQs/3c:18528|-18528:Alice|Bob
STATE:471:f:JhTh|3s9h:50|-50:Bob|Alice
STATE:472:cc/r18049f:8sQc|Kh7c/5dAh8c:100|-100:Alice|Bob
STATE:473:f:4sKd|4d5c:50|-50:Bob|Alice
STATE:474:r20000f:7dJh|3hTh:-100|100:Alice|Bob
STATE:475:f:4sKs|6h7c:50|-50:Bob|Alice
STATE:476:f:Qc4c|4h7c:50|-50:Alice|Bob
STATE:477:cc/r20000f:8s5s|5hAc/Td9hJs:100|-100:Bob|Alice
STATE:478:cc/cr200r1925f:Td8c|4c2d/Qh8d2c:200|-200:Alice|Bob
STATE:479:f:9h6s|5hTd:50|-50:Bob|Alice
STATE:480:f:9h6h|Kc2d:50|-50:Alice|Bob
STATE:481:f:2sQc|2d8s:50|-50:Bob|Alice
STATE:482:r20000f:AdTd|7h5d:-100|100:Alice|Bob
STATE:483:r1690r20000f:5c5h|3c3h:1690|-1690:Bob|Alice
STATE:484:f:5cQh|QsTc:50|-50:Alice|Bob
STATE:485:r3613c/r3713r17452r20000f:As4h|9cQs/2s8d7h:17452|-17452:Bob|Alice
STATE:486:r20000f:5s8s|5d6c:-100|100:Alice|Bob
STATE:487:cr20000f:Kd6c|QdAs:100|-100:Bob|Alice
STATE:488:r20000f:AhKc|3cKd:-100|100:Alice|Bob
STATE:489:f:QhKc|9c2d:50|-50:Bob|Alice
STATE:490:r200r9434r18668c/cr18768r19902c/r20000f:Qd3s|QcJc/Ac3dAs/2h:19902|-19902:Alice|Bob
STATE:491:f:8d2h|Kh2s:50|-50:Bob|Alice
STATE:492:r200r10354r20000c///:Qh6c|5d4c/Td9sAc/5s/Jh:-20000|20000:Alice|Bob
STATE:493:f:Ac9d|2h3c:50|-50:Bob|Alice
STATE:494:r200c/cr20000c//:QdJc|7hTh/3cAd9s/3s/Js:20000|-20000:Alice|Bob
STATE:495:f:Ac6h|7c2c:50|-50:Bob|Alice
STATE:496:r200r11054r20000c///:4s6s|7d2c/Tc4cTd/9s/Kh:20000|-20000:Alice|Bob
STATE:497:f:Jd9h|7h3s:50|-50:Bob|Alice
STATE:498:cr16032c/r19519r20000f:4d5d|7s9d/6dQs3d:-19519|19519:Alice|Bob
STATE:499:r400c/r20000c//:2c9c|KhQs/2hQc6c/3d/Qd:-20000|20000:Bob|Alice
STATE:500:r20000f:9d2d|Th6h:-100|100:Alice|Bob
STATE:501:r5023r20000c///:3h5c|Qc9c/3cJhTc/6h/Js:20000|-20000:Bob|Alice
STATE:502:cc/cr200r15323r20000c//:5s7h|9s3d/Kc9d8d/Js/4h:-20000|20000:Alice|Bob
STATE:503:f:3c5c|Kd2h:50|-50:Bob|Alice
STATE:504:cc/r6961f:9dAd|6d7c/2c8cJh:100|-100:Alice|Bob
STATE:505:f:3c8h|Jh7c:50|-50:Bob|Alice
STATE:506:cc/r13248r20000f:9h6s|QcAc/AsJc2c:-13248|13248:Alice|Bob
STATE:507:cc/cr3242c/cr5472c/cr10429c:4h4s|7dKh/5d9cQc/Js/7h:-10429|10429:Bob|Alice
STATE:508:cr10394r20000c///:6sJs|QhQc/6cTh3d/8s/9d:-20000|20000:Alice|Bob
STATE:509:f:8cKd|5dJs:50|-50:Bob|Alice
STATE:510:cr793r1486c/r6225f:Qd5h|Ts4s/3sAcTc:1486|-1486:Alice|Bob
STATE:511:f:Qh8h|9s5s:50|-50:Bob|Alice
STATE:512:f:6c9s|8cTc:50|-50:Alice|Bob
STATE:513:f:3hTh|2h2c:50|-50:Bob|Alice
STATE:514:r200c/r14251f:9d5d|QsTh/Jc4s6c:200|-200:Alice|Bob
STATE:515:f:2cJc|Qd5h:50|-50:Bob|Alice
STATE:516:r200r1599r20000f:5c6c|JsAd:-1599|1599:Alice|Bob
STATE:517:cc/r200f:Kd3h|8sKc/Ah4c3d:100|-100:Bob|Alice
STATE:518:cr2763r5426f:5c2h|ThTc:-2763|2763:Alice|Bob
STATE:519:f:6c9d|2s3d:50|-50:Bob|Alice
STATE:520:r20000f:2s9h|2c4d:-100|100:Alice|Bob
STATE:521:cr200r5554c/cr11863c/cr17913c/cr18949f:8d4d|JcTd/2h3d7s/2d/Js:-17913|17913:Bob|Alice
STATE:522:f:Ac3s|TdJc:50|-50:Alice|Bob
STATE:523:f:3d7s|4d5h:50|-50:Bob|Alice
STATE:524:f:3cJd|KdAs:50|-50:Alice|Bob
STATE:525:r4165c/cr8244r20000f:AdKs|8cKd/5h2h4c:8244|-8244:Bob|Alice
STATE:526:cr12635f:2s5d|ThQs:100|-100:Alice|Bob
STATE:527:cc/cr13555r20000c//:9h3h|AdJc/Td3s5d/2h/2c:20000|-20000:Bob|Alice
STATE:528:f:8h3d|4s5c:50|-50:Alice|Bob
STATE:529:f:KhQh|6c7h:50|-50:Bob|Alice
STATE:530:r20000f:Kc2d|KsAd:-100|100:Alice|Bob
STATE:531:cr20000f:7c6d|Ad7s:100|-100:Bob|Alice
STATE:532:f:9h3d|6hQc:50|-50:Alice|Bob
STATE:533:cc/cc/r200f:Kh2c|6sAh/4sQc9d/3c:100|-100:Bob|Alice
STATE:534:r20000f:3h6h|3c7s:-100|100:Alice|Bob
STATE:535:cc/r20000c//:Ah5h|8cAc/2h8h9s/Ts/Js:-20000|20000:Bob|Alice
STATE:536:cr2224r4348c/cc/r5271r6194c/r8231c:Qh9c|3h2d/Qd5dQc/Jh/Kh:8231|-8231:Alice|Bob
STATE:537:f:8hJc|4hQc:50|-50:Bob|Alice
STATE:538:r20000f:7d4d|2s6c:-100|100:Alice|Bob
STATE:539:f:4c5s|7h8d:50|-50:Bob|Alice
STATE:540:r200f:4d5s|6cTs:-100|100:Alice|Bob
STATE:541:r13899r20000c///:Th3s|6h4h/Td2cAh/Kh/7s:20000|-20000:Bob|Alice
STATE:542:f:8s8d|Qd3s:50|-50:Alice|Bob
STATE:543:f:5h6c|Jh6d:50|-50:Bob|Alice
STATE:544:r200r7176c/r12100r20000c//:QcQh|6d3s/Jd4cTc/Td/9d:20000|-20000:Alice|Bob
STATE:545:f:TdKc|8d5c:50|-50:Bob|Alice
STATE:546:f:7s7d|QhAc:50|-50:Alice|Bob
STATE:547:cc/cr16008f:Td6s|Ad6h/AhQd9d:-100|100:Bob|Alice
STATE:548:f:6d2c|Kh8c:50|-50:Alice|Bob
STATE:549:cc/r200r13694r20000c//:AhKc|JdKd/QdTh9c/Ad/Qc:-20000|20000:Bob|Alice
STATE:550:r200r1008r20000f:4cJd|QdAd:-1008|1008:Alice|Bob
STATE:551:cc/r20000f:3dJh|9sQc/6h5c6c:100|-100:Bob|Alice
STATE:552:r200r8995f:Kh4s|8c7h:200|-200:Alice|Bob
STATE:553:f:6cJd|3d2s:50|-50:Bob|Alice
STATE:554:cc/r2671c/r17610f:5s2d|QdTs/Kd8h7d/8s:2671|-2671:Alice|Bob
STATE:555:f:As2h|4sTc:50|-50:Bob|Alice
STATE:556:cr5143r20000f:5s9h|Qd7s:-5143|5143:Alice|Bob
STATE:557:f:4h5c|2cKd:50|-50:Bob|Alice
STATE:558:r200c/cr20000f:2hKd|AsAd/Jd9s2c:-200|200:Alice|Bob
STATE:559:f:KcKd|7hJs:50|-50:Bob|Alice
STATE:560:r200c/r19351f:9dJs|2d8s/QdQhAs:200|-200:Alice|Bob
STATE:561:f:2dTh|2sTs:50|-50:Bob|Alice
STATE:562:r20000f:3h8c|2s5s:-100|100:Alice|Bob
STATE:563:f:9c5h|7d6d:50|-50:Bob|Alice
STATE:564:r20000f:5h8h|2dAs:-100|100:Alice|Bob
STATE:565:cr200r6129f:4h3d|Jh8h:-200|200:Bob|Alice
STATE:566:f:7cQc|3s8d:50|-50:Alice|Bob
STATE:567:f:5dKh|8s7s:50|-50:Bob|Alice
STATE:568:f:7dKd|3c6s:50|-50:Alice|Bob
STATE:569:f:Ah4s|Ts6s:50|-50:Bob|Alice
STATE:570:r200c/cc/r7296r14392r20000c/:Js7c|Tc8h/8cJh7d/5c/5h:20000|-20000:Alice|Bob
STATE:571:f:9sQc|8d7c:50|-50:Bob|Alice
STATE:572:r20000f:3dKd|8d5s:-100|100:Alice|Bob
STATE:573:f:Qc3c|9cTd:50|-50:Bob|Alice
STATE:574:r200c/cc/cc/cc:Js9h|Kh3c/QhJdAs/2d/2c:200|-200:Alice|Bob
STATE:575:cc/cr12638r20000f:4s2c|6s8c/7h3s9c:12638|-12638:Bob|Alice
STATE:576:f:3s6h|6s8c:50|-50:Alice|Bob
STATE:577:cc/cr14117r20000f:3dTs|Tc7d/AsKhJc:14117|-14117:Bob|Alice
STATE:578:f:2d5c|3cQc:50|-50:Alice|Bob
STATE:579:f:3h7d|9d6s:50|-50:Bob|Alice
STATE:580:f:4dQh|8c5c:50|-50:Alice|Bob
STATE:581:f:Qc4d|8c7d:50|-50:Bob|Alice
STATE:582:f:8dQs|3hQd:50|-50:Alice|Bob
STATE:583:f:9h3d|9c5d:50|-50:Bob|Alice
STATE:584:cr11932c/r12439r12946c/r18319f:Qh8h|7s4c/Tc3cJh/Js:12946|-12946:Alice|Bob
STATE:585:cr200r18448c/r20000c//:5h4s|9sQd/2c6d7d/Tc/6c:-20000|20000:Bob|Alice
STATE:586:cc/r19192r20000f:3h7s|Js5s/Th9cTd:-19192|19192:Alice|Bob
STATE:587:f:5cTc|4d3h:50|-50:Bob|Alice
STATE:588:f:Qh8s|9s2h:50|-50:Alice|Bob
STATE:589:cr20000f:Ad6s|Js8s:100|-100:Bob|Alice
STATE:590:cr11436r20000c///:Jh8s|TcQs/4hJd3h/9s/6c:20000|-20000:Alice|Bob
STATE:591:cc/cr306f:7cTs|AhJs/9h3dQd:-100|100:Bob|Alice
STATE:592:r200c/r14079c/r18621f:JcJh|KdAh/9dKc8d/4c:14079|-14079:Alice|Bob
STATE:593:f:Qs2c|Jd6s:50|-50:Bob|Alice
STATE:594:cc/r17782r20000c//:6sQs|9dJh/7sAsTh/5c/5d:20000|-20000:Alice|Bob
STATE:595:f:6h8h|9h2d:50|-50:Bob|Alice
STATE:596:f:3sQc|4c2c:50|-50:Alice|Bob
STATE:597:r9232c/cc/cr15003r20000c/:7sQd|Ac6s/6h9dJc/Jh/Kc:-20000|20000:Bob|Alice
STATE:598:r200r5936c/cc/r14736r20000c/:3cJd|JsAs/9dAh9s/3d/Ks:-20000|20000:Alice|Bob
STATE:599:f:3dTc|8s9s:50|-50:Bob|Alice
STATE:600:f:4h8d|4dKh:50|-50:Alice|Bob
STATE:601:cr200c/r300f:TsKh|Qh6h/Td9h8s:200|-200:Bob|Alice
STATE:602:r200f:4d3s|4sJh:-100|100:Alice|Bob
STATE:603:f:6sJc|Kc3d:50|-50:Bob|Alice
STATE:604:f:Qs4s|8c6s:50|-50:Alice|Bob
STATE:605:r13893c/cc/cr17074c/cr17925f:Kh7c|5sQs/Kd6s2c/9c/2d:-17074|17074:Bob|Alice
STATE:606:cr2354f:5hAh|8hTh:100|-100:Alice|Bob
STATE:607:r16571f:8dQh|6s8c:-100|100:Bob|Alice
STATE:608:cc/cr20000f:3h9d|3sAh/Qc7c8d:-100|100:Alice|Bob
STATE:609:f:KsJc|6s4d:50|-50:Bob|Alice
STATE:610:r20000f:Qc7s|7d8s:-100|100:Alice|Bob
STATE:611:f:9h5d|2s3d:50|-50:Bob|Alice
STATE:612:cc/r17175r20000c//:7cJc|TcQs/9h9cJd/4s/Kh:-20000|20000:Alice|Bob
STATE:613:f:3d9s|4s2d:50|-50:Bob|Alice
STATE:614:f:KcQd|7hTd:50|-50:Alice|Bob
STATE:615:r16802r20000c///:Td4h|8c9s/TcAs7d/Jh/9h:-20000|20000:Bob|Alice
STATE:616:r20000f:5h6h|Th3s:-100|100:Alice|Bob
STATE:617:cr200r4738r9276r15412r20000c///:TdQd|Kd6s/Qs5h9s/2h/3c:20000|-20000:Bob|Alice
STATE:618:f:AhQh|7cQd:50|-50:Alice|Bob
STATE:619:cr20000f:2h7c|5hKs:100|-100:Bob|Alice
STATE:620:cr17700r20000c///:8hKc|9s8s/Kd5sQd/5d/Th:20000|-20000:Alice|Bob
STATE:621:cr200r4598f:9sTd|KdJs:-200|200:Bob|Alice
STATE:622:f:2s4c|Jd5c:50|-50:Alice|Bob
STATE:623:f:Js9s|9d6h:50|-50:Bob|Alice
STATE:624:f:4hKd|7h8s:50|-50:Alice|Bob
STATE:625:f:9h6c|4h7d:50|-50:Bob|Alice
STATE:626:f:AcQd|2s8c:50|-50:Alice|Bob
STATE:627:f:9sAc|3cKh:50|-50:Bob|Alice
STATE:628:r200f:8d4c|5c8s:-100|100:Alice|Bob
STATE:629:f:3hJc|2d5h:50|-50:Bob|Alice
STATE:630:r20000f:JsTs|QsAd:-100|100:Alice|Bob
STATE:631:f:7s9h|Td8c:50|-50:Bob|Alice
STATE:632:f:6d4s|8cTh:50|-50:Alice|Bob
STATE:633:cc/r20000f:8c9c|Ah8s/Jc2h3h:100|-100:Bob|Alice
STATE:634:cr16993c/r19510r20000c//:8c6c|9dAs/8h2sJh/Td/Qh:-20000|20000:Alice|Bob
STATE:635:r9784c/r20000c//:4h9c|KcAs/3dKd5s/8d/Js:-20000|20000:Bob|Alice
STATE:636:r200c/r17192c/r18953r20000c/:Qc6c|2cTc/AhKdAs/Qs/Ac:20000|-20000:Alice|Bob
STATE:637:f:9dJd|Th9c:50|-50:Bob|Alice
STATE:638:r20000f:Ac3c|7d3s:-100|100:Alice|Bob
STATE:639:f:5dQh|8c4h:50|-50:Bob|Alice
STATE:640:f:7d8h|AsKs:50|-50:Alice|Bob
STATE:641:cr200c/cr6586c/r6686r9425f:AsKd|AhTc/4c5h2s/2d:-6686|6686:Bob|Alice
STATE:642:r200r15383c/r15746c/cr20000c/:2sAd|3d6s/5h7h8d/6d/7c:-20000|20000:Alice|Bob
STATE:643:r17659r20000c///:8h2d|Kc8d/3c6dTh/6h/2h:20000|-20000:Bob|Alice
STATE:644:r20000f:3sJd|3h5d:-100|100:Alice|Bob
STATE:645:cc/cr5783f:9h8h|4dAd/2hQc5h:-100|100:Bob|Alice
STATE:646:r200r18684c/r19322r19960c/cr20000c/:Kd6h|9d4h/9c7s8h/Qd/8c:-20000|20000:Alice|Bob
STATE:647:f:JcTd|3hKd:50|-50:Bob|Alice
STATE:648:f:KcKd|3c2s:50|-50:Alice|Bob
STATE:649:r15173r20000c///:Ah5c|Kc5h/5sQs4s/7d/6h:20000|-20000:Bob|Alice
STATE:650:r20000f:9hJs|QhKh:-100|100:Alice|Bob
STATE:651:f:5dQd|4h9h:50|-50:Bob|Alice
STATE:652:r200r6026r11852c/r12688f:Jc4c|KdJh/7hKsTc:11852|-11852:Alice|Bob
STATE:653:f:Kd8h|Tc5d:50|-50:Bob|Alice
STATE:654:f:6sJh|8hQc:50|-50:Alice|Bob
STATE:655:f:As6d|5h2s:50|-50:Bob|Alice
STATE:656:cr10769r20000c///:QhKs|9h5h/6d2d7h/Qc/4s:20000|-20000:Alice|Bob
STATE:657:f:Ks3c|4h8s:50|-50:Bob|Alice
STATE:658:cr12183r20000c///:QcQd|8d5s/7sAdTh/7c/2h:20000|-20000:Alice|Bob
STATE:659:f:Kh2d|5d2h:50|-50:Bob|Alice
STATE:660:cr4123r8146r14155r20000c///:6sTc|4d9s/Ah2cKh/3s/3c:20000|-20000:Alice|Bob
STATE:661:r13410r20000c///:5h3s|Jc9c/Qd7cKs/Kd/Qs:-20000|20000:Bob|Alice
STATE:662:r200r2658r20000f:Ac7s|Kd3d:-2658|2658:Alice|Bob
STATE:663:cr200r18403f:3c8h|QhJd:-200|200:Bob|Alice
STATE:664:cc/cc/r3674c/r8850c:6cAh|8h2d/7hQdQs/2h/3c:-8850|8850:Alice|Bob
STATE:665:f:3s7c|Tc7d:50|-50:Bob|Alice
STATE:666:r20000f:6s8d|7hKd:-100|100:Alice|Bob
STATE:667:f:4s7h|Jh7s:50|-50:Bob|Alice
STATE:668:r20000f:9sQh|3d5d:-100|100:Alice|Bob
STATE:669:f:KsQc|Td7s:50|-50:Bob|Alice
STATE:670:r20000f:8hQd|4h2c:-100|100:Alice|Bob
STATE:671:cc/cr5162f:KdAs|Ad3c/2s7s9c:-100|100:Bob|Alice
STATE:672:r200r2781r5362c/r11868r18374f:9s5s|Qs7d/Qc7s8c:-11868|11868:Alice|Bob
STATE:673:r14372c/cr18209c/r18309r19508c/r20000c:6s4h|Ts9d/2dAc7s/9s/2c:-20000|20000:Bob|Alice
STATE:674:cr748c/r8961f:8c2h|Td8s/4dKd9s:748|-748:Alice|Bob
STATE:675:r18212r20000c///:8cJd|Qd5d/QhQcAh/3d/9s:-20000|20000:Bob|Alice
STATE:676:r20000f:Jh8c|7hJd:-100|100:Alice|Bob
STATE:677:f:9s3s|8s5d:50|-50:Bob|Alice
STATE:678:r200c/r904c/cr1004f:Tc4h|6hAc/Qs3h7s/8h:-904|904:Alice|Bob
STATE:679:r19063r20000c///:AcTc|Ah2d/8c2h9c/4h/Td:20000|-20000:Bob|Alice
STATE:680:r200c/r10037c/r12734f:Kh2s|4s4d/8dAc2c/5d:10037|-10037:Alice|Bob
STATE:681:f:6d4c|Qh7c:50|-50:Bob|Alice
STATE:682:cr8864r17628c/r18598c/cc/r19003c:7c8h|7d2s/9dJhKs/4c/2c:-19003|19003:Alice|Bob
STATE:683:cc/r200r16344c/r16444r18763r20000c/:2dTc|AhKd/4sJs3d/Ks/4h:-20000|20000:Bob|Alice
STATE:684:cr19977r20000c///:3dAh|Kd8h/KsQs4c/4s/8d:-20000|20000:Alice|Bob
STATE:685:f:4s6s|Qc7d:50|-50:Bob|Alice
STATE:686:r200r7542c/cc/r13175c/r16292f:As4h|9s5c/Ks5hKh/8c/7h:13175|-13175:Alice|Bob
STATE:687:f:JhTh|2hQh:50|-50:Bob|Alice
STATE:688:r20000f:9h7s|6h6d:-100|100:Alice|Bob
STATE:689:f:Ks8s|Qs4s:50|-50:Bob|Alice
STATE:690:cr1532f:7dQd|Td9s:100|-100:Alice|Bob
STATE:691:f:2h5h|2d2s:50|-50:Bob|Alice
STATE:692:cr14504r20000c///:Js6d|3h5h/7hKh4c/Td/Qh:-20000|20000:Alice|Bob
STATE:693:cr20000f:6d5c|KsAd:100|-100:Bob|Alice
STATE:694:r200f:2c3c|Qh7h:-100|100:Alice|Bob
STATE:695:cc/r20000c//:2c8d|8c8s/8h4d9s/9d/4h:-20000|20000:Bob|Alice
STATE:696:r20000f:7s5h|2hKs:-100|100:Alice|Bob
STATE:697:r4598r20000c///:2h3d|JdKh/Ad5sKs/Ac/4c:20000|-20000:Bob|Alice
STATE:698:r200r8763c/cr8863r18637r20000f:5dTs|8c7c/6d2dKs:-18637|18637:Alice|Bob
STATE:699:r2316c/cr3407f:5h8s|8hQd/7c4c3c:-2316|2316:Bob|Alice
STATE:700:cc/r11913f:6dQh|6cTs/7h3c7s:100|-100:Alice|Bob
STATE:701:f:9c7c|4sJd:50|-50:Bob|Alice
STATE:702:f:2c7c|5h2h:50|-50:Alice|Bob
STATE:703:cc/cc/cr12647c/r20000c:7h5d|KhKc/Jh2d8d/9c/7d:-20000|20000:Bob|Alice
STATE:704:r20000f:3cJh|6h7d:-100|100:Alice|Bob
STATE:705:cr200c/cr11335f:JdTh|8sAc/7c3c3h:-200|200:Bob|Alice
STATE:706:cr5765r20000c///:3cAh|5d6h/9s4c8c/Jc/3h:20000|-20000:Alice|Bob
STATE:707:cc/cr12572r20000c//:Ah8h|QsAd/7h4dKh/2h/5d:20000|-20000:Bob|Alice
STATE:708:r200r17034r20000c///:Ks3d|TsJd/8s8c6d/5d/Qh:20000|-20000:Alice|Bob
STATE:709:r7008r13916r20000c///:5d9c|ThAd/Qc6c2s/8s/Ac:-20000|20000:Bob|Alice
STATE:710:r20000f:4cTh|Js8d:-100|100:Alice|Bob
STATE:711:f:6sJd|6h3d:50|-50:Bob|Alice
STATE:712:f:Ks5d|8d2h:50|-50:Alice|Bob
STATE:713:f:4hTc|4c5s:50|-50:Bob|Alice
STATE:714:cc/r3117r20000f:2d5h|Th9c/8h9dTc:-3117|3117:Alice|Bob
STATE:715:f:Ad3c|7h8h:50|-50:Bob|Alice
STATE:716:r200r8927r17654c/r18942f:As4s|Qd3d/7s3cKc:17654|-17654:Alice|Bob
STATE:717:cr20000f:Ad2c|As4d:100|-100:Bob|Alice
STATE:718:r20000f:4sTd|Qh4h:-100|100:Alice|Bob
STATE:719:f:3c7s|8s3s:50|-50:Bob|Alice
STATE:720:r20000f:7d2d|As9s:-100|100:Alice|Bob
STATE:721:f:Ad6h|Tc3s:50|-50:Bob|Alice
STATE:722:r200r17273r20000c///:AcAh|Kc3c/TsKhAd/Jh/8s:20000|-20000:Alice|Bob
STATE:723:f:Td6h|Ts8c:50|-50:Bob|Alice
STATE:724:f:Ad3h|Kc4d:50|-50:Alice|Bob
STATE:725:cr20000c///:8c6c|KsKd/Tc9hJs/7s/Jd:20000|-20000:Bob|Alice
STATE:726:r20000f:AhTs|3d8s:-100|100:Alice|Bob
STATE:727:f:3c9d|Jc4c:50|-50:Bob|Alice
STATE:728:r20000f:6d8d|3h9h:-100|100:Alice|Bob
STATE:729:f:5d5h|6d2h:50|-50:Bob|Alice
STATE:730:r20000f:ThAd|QsAh:-100|100:Alice|Bob
STATE:731:cr20000f:9s2h|Jd9h:100|-100:Bob|Alice
STATE:732:r20000f:5dKs|Qc5c:-100|100:Alice|Bob
STATE:733:r16615c/cr17942f:As4c|5s5h/Tc6cQs:-16615|16615:Bob|Alice
STATE:734:cc/r9176c/r15575r20000c/:Ac5c|9sJh/2dJc5d/7c/Kh:-20000|20000:Alice|Bob
STATE:735:r9106r18112c/r18212r19476f:JsKh|7dKd/4h2sAc:-18212|18212:Bob|Alice
STATE:736:r20000f:3dJd|9h8c:-100|100:Alice|Bob
STATE:737:cc/r200r16707c/r20000f:5h9s|7d8d/4dAdTc/Js:16707|-16707:Bob|Alice
STATE:738:r20000f:7sAh|8hJc:-100|100:Alice|Bob
STATE:739:f:Ac9c|6s2d:50|-50:Bob|Alice
STATE:740:f:6s5s|KhTd:50|-50:Alice|Bob
STATE:741:f:Th6h|3c9h:50|-50:Bob|Alice
STATE:742:f:AcQh|Ts7c:50|-50:Alice|Bob
STATE:743:cr20000f:Ks9d|9hAs:100|-100:Bob|Alice
STATE:744:f:8h3c|5dQd:50|-50:Alice|Bob
STATE:745:cr200c/cc/cr6432f:9d8h|QdKs/Jh6c9s/2d:-200|200:Bob|Alice
STATE:746:r200f:2c3h|JcKs:-100|100:Alice|Bob
STATE:747:cc/cr3108f:QcTs|As4h/8d2s2h:-100|100:Bob|Alice
STATE:748:r20000f:As2d|Qs9s:-100|100:Alice|Bob
STATE:749:f:Th8d|7h3d:50|-50:Bob|Alice
STATE:750:r20000f:9cKh|4d8c:-100|100:Alice|Bob
STATE:751:cr20000f:8dQc|QsTh:100|-100:Bob|Alice
STATE:752:cc/cc/r7574c/r10156r12738r17836r20000c:3s4c|5c9d/As3h3c/2h/4s:20000|-20000:Alice|Bob
STATE:753:r11491f:8cKs|4sQc:-100|100:Bob|Alice
STATE:754:f:8d5c|6s6c:50|-50:Alice|Bob
STATE:755:r4991f:Ah9h|QcTs:-100|100:Bob|Alice
STATE:756:r200c/r16146r20000f:Ts7d|Kd9s/5s8d5h:-16146|16146:Alice|Bob
STATE:757:r5526r10952r18957r20000c///:5s5c|9h9d/Ad2h4d/Qc/Td:-20000|20000:Bob|Alice
STATE:758:r20000f:Kh9s|Ac6c:-100|100:Alice|Bob
STATE:759:f:Kd9c|Jh8d:50|-50:Bob|Alice
STATE:760:r200f:9c4s|Jh5c:-100|100:Alice|Bob
STATE:761:r6015r11930r17915r20000c///:Td2s|7dAs/9s8s6c/7c/Jd:20000|-20000:Bob|Alice
STATE:762:cc/cr20000c//:JhTd|TcAh/2s9dAd/4h/Qs:-20000|20000:Alice|Bob
STATE:763:cr200c/cc/r20000c/:Jd8d|9hTd/3h9s5c/7s/9c:-20000|20000:Bob|Alice
STATE:764:r200r13735r20000c///:ThAc|2d4c/Jh3s5h/6s/Td:-20000|20000:Alice|Bob
STATE:765:cr20000f:Qh8d|2sJc:100|-100:Bob|Alice
STATE:766:r20000f:Qs6s|9hKs:-100|100:Alice|Bob
STATE:767:f:Kc2h|4h8d:50|-50:Bob|Alice
STATE:768:cr4214r8328r13266c/r16973r20000c//:QhAh|2cTd/6s3c4h/Tc/9h:-20000|20000:Alice|Bob
STATE:769:r17909r20000c///:6d5h|3hQh/2d6c8s/3s/2h:20000|-20000:Bob|Alice
STATE:770:cc/cc/r13768r20000c/:TcAs|Td7c/3d9s5s/Ac/4h:20000|-20000:Alice|Bob
STATE:771:r6664c/r20000f:2s7h|Qs8h/3c5hJs:6664|-6664:Bob|Alice
STATE:772:f:6h5d|As7d:50|-50:Alice|Bob
STATE:773:f:3d6h|6d2h:50|-50:Bob|Alice
STATE:774:r20000f:8s6d|3d8c:-100|100:Alice|Bob
STATE:775:f:Ks6c|7sJh:50|-50:Bob|Alice
STATE:776:cr7123r14146c/r14513f:Ah5d|6s2s/4s3h3d:14146|-14146:Alice|Bob
STATE:777:cc/r20000f:7h2h|9cTc/7dKs2d:100|-100:Bob|Alice
STATE:778:f:8hKc|2d9s:50|-50:Alice|Bob
STATE:779:f:AhTh|5h2h:50|-50:Bob|Alice
STATE:780:r20000f:7h8s|6hAs:-100|100:Alice|Bob
STATE:781:f:Td5s|7c8c:50|-50:Bob|Alice
STATE:782:cr5997r11894f:2d7c|2hQh:-5997|5997:Alice|Bob
STATE:783:cr200c/cr10038r20000c//:5hTh|3sAh/QdKh9s/Tc/Kc:20000|-20000:Bob|Alice
STATE:784:r20000f:4h7h|7c3d:-100|100:Alice|Bob
STATE:785:f:Kc9c|5d6d:50|-50:Bob|Alice
STATE:786:r20000c///:QcQh|7dQd/4d2cTc/Kh/Jd:20000|-20000:Alice|Bob
STATE:787:f:9hJc|5d4c:50|-50:Bob|Alice
STATE:788:cr8623f:TcTh|Td6c:100|-100:Alice|Bob
STATE:789:f:Js3s|5s4d:50|-50:Bob|Alice
STATE:790:r200r11536r20000c///:Qs4d|AsAc/6h4c3d/7h/4h:20000|-20000:Alice|Bob
STATE:791:r12005r20000c///:2c5d|JsQh/Jc9c3d/6d/7s:-20000|20000:Bob|Alice
STATE:792:r200c/r17281f:9s5s|Jh5h/8cQc7c:200|-200:Alice|Bob
STATE:793:f:4sAs|8d5h:50|-50:Bob|Alice
STATE:794:r20000f:9h5h|9dAc:-100|100:Alice|Bob
STATE:795:cr20000f:Kd3s|8sKc:100|-100:Bob|Alice
STATE:796:f:Qh2d|Kd7d:50|-50:Alice|Bob
STATE:797:f:Qd7h|2c4d:50|-50:Bob|Alice
STATE:798:r200f:6h5s|Jh6d:-100|100:Alice|Bob
STATE:799:f:6dTh|7h6h:50|-50:Bob|Alice
STATE:800:f:5sAd|5h8d:50|-50:Alice|Bob
STATE:801:r15430r20000c///:6d6c|8d8c/4sAc6h/Js/Td:20000|-20000:Bob|Alice
STATE:802:cc/r7443r20000f:Qh3c|Kd8s/As5cJh:-7443|7443:Alice|Bob
STATE:803:cr200r4188c/cr17372r20000c//:Tc2s|Ac5c/9d7sAh/6s/6d:-20000|20000:Bob|Alice
STATE:804:r200r7536r14872r20000c///:Td7c|QsQh/AsQc7h/2d/3c:-20000|20000:Alice|Bob
STATE:805:f:7h8d|Tc6s:50|-50:Bob|Alice
STATE:806:r200f:2c7c|Qc3h:-100|100:Alice|Bob
STATE:807:r14205f:2sKd|AdJh:-100|100:Bob|Alice
STATE:808:cc/r13137r20000c//:Qh2c|4sQs/5d9sJc/5h/5c:0|0:Alice|Bob
STATE:809:f:Qh8s|3cJh:50|-50:Bob|Alice
STATE:810:r20000f:9s5d|2c6h:-100|100:Alice|Bob
STATE:811:f:5sQs|3h8s:50|-50:Bob|Alice
STATE:812:r200c/cr20000f:Qc8d|JsAs/6cTd7d:-200|200:Alice|Bob
STATE:813:cc/cr19803r20000c//:AsJs|Ah6h/2d3d9h/8h/Qc:20000|-20000:Bob|Alice
STATE:814:cc/r8888r20000c//:8c7s|6dQd/7c5cTc/Ts/7h:20000|-20000:Alice|Bob
STATE:815:r3162r20000f:2cAh|3c3d:3162|-3162:Bob|Alice
STATE:816:r200f:5c2s|6h4c:-100|100:Alice|Bob
STATE:817:f:3sJh|Js6s:50|-50:Bob|Alice
STATE:818:r200r8557f:Ks8h|8c7s:200|-200:Alice|Bob
STATE:819:r6344r12588r19742r20000c///:Jc8s|AcAh/TcQdKs/8d/6s:-20000|20000:Bob|Alice
STATE:820:cr19533f:5dQc|2c6s:100|-100:Alice|Bob
STATE:821:cc/r20000f:9c7c|6hKs/2h3c5d:100|-100:Bob|Alice
STATE:822:r20000f:Kh9s|8d6s:-100|100:Alice|Bob
STATE:823:f:3s3h|4cJc:50|-50:Bob|Alice
STATE:824:cc/r1289r2478r5504r20000c//:6hJs|2h3s/8cAdQs/2c/2d:-20000|20000:Alice|Bob
STATE:825:r6795c/r20000c//:3d5h|KsKd/4sTsQd/Th/5d:-20000|20000:Bob|Alice
STATE:826:cr17724r20000c///:6d8s|5s7h/4sTsTd/7s/6h:-20000|20000:Alice|Bob
STATE:827:r9268f:4hAs|KdTs:-100|100:Bob|Alice
STATE:828:cr14396c/r18270r20000c//:ThQs|Qd7c/6sAd3s/Ts/Js:20000|-20000:Alice|Bob
STATE:829:cc/r200f:AdQh|TsKd/4sJh5s:100|-100:Bob|Alice
STATE:830:f:Th7c|Ts6c:50|-50:Alice|Bob
STATE:831:r3528r6956c/cr7494c/r20000f:8cAc|8sAd/2c4cTh/7c:7494|-7494:Bob|Alice
STATE:832:r200r6709r20000c///:TsQh|As8h/Ac8d7s/8c/3s:-20000|20000:Alice|Bob
STATE:833:f:5d9d|6hQd:50|-50:Bob|Alice
STATE:834:f:6s7c|QcAh:50|-50:Alice|Bob
STATE:835:r7023f:ThKh|3cJh:-100|100:Bob|Alice
STATE:836:cc/r8717r20000f:9c4d|7d9s/6d8dTc:-8717|8717:Alice|Bob
STATE:837:r5919c/r20000f:3d9d|Kh4s/9cJs5c:5919|-5919:Bob|Alice
STATE:838:r20000f:6cTd|Kc9s:-100|100:Alice|Bob
STATE:839:f:7h4d|7sTc:50|-50:Bob|Alice
STATE:840:cr15594c/r17528r19462r20000f:KsQs|As4c/7sTdKd:19462|-19462:Alice|Bob
STATE:841:r1427r2754r12004r20000c///:4h2s|As7h/6h7cKd/4d/Kh:-20000|20000:Bob|Alice
STATE:842:r200r3833r20000f:4dAd|9c6d:-3833|3833:Alice|Bob
STATE:843:f:3c3s|8s6d:50|-50:Bob|Alice
STATE:844:r20000f:5dKh|JhQh:-100|100:Alice|Bob
STATE:845:cc/cr15178f:6h3h|QdQh/Kh8d6d:-100|100:Bob|Alice
STATE:846:cr9533r20000c///:Jh9c|Qs4d/Qh9h8c/2h/4s:-20000|20000:Alice|Bob
STATE:847:f:2c9s|Jh5c:50|-50:Bob|Alice
STATE:848:f:ThKs|7dAd:50|-50:Alice|Bob
STATE:849:cc/cr7485f:4hQd|9s9d/Qc6cAc:-100|100:Bob|Alice
STATE:850:r20000f:JsAs|Kh5s:-100|100:Alice|Bob
STATE:851:cc/cr3882r7664f:4cKh|Kc7c/9d5d6s:3882|-3882:Bob|Alice
STATE:852:f:AsTd|Th4h:50|-50:Alice|Bob
STATE:853:cr20000c///:Td7h|9h9d/AcAdJs/7s/Kc:-20000|20000:Bob|Alice
STATE:854:r20000f:Ad9c|AcQd:-100|100:Alice|Bob
STATE:855:r2473r4846c/r4946r13526f:Ks2d|9s5c/Jd6s2c:-4946|4946:Bob|Alice
STATE:856:r200r10009f:3cAc|Ks9h:200|-200:Alice|Bob
STATE:857:r4225r8350r19617r20000c///:8c5s|KsTs/JhKh7d/5h/9h:-20000|20000:Bob|Alice
STATE:858:f:JhQh|6h8s:50|-50:Alice|Bob
STATE:859:f:5s7h|3c4d:50|-50:Bob|Alice
STATE:860:cc/r15221r20000c//:Ad8d|QdTd/9h5d6c/9d/7h:20000|-20000:Alice|Bob
STATE:861:cc/r200f:7s7h|9dQc/JdKsKh:100|-100:Bob|Alice
STATE:862:r200r12567f:Td7d|5sQs:200|-200:Alice|Bob
STATE:863:cc/cr12478f:7h5d|TdJs/KhQh9d:-100|100:Bob|Alice
STATE:864:cr19962f:Qd8d|2hTs:100|-100:Alice|Bob
STATE:865:f:QhJh|5h3h:50|-50:Bob|Alice
STATE:866:cr14045r20000c///:9d9s|5h6d/2s9h7s/Qd/Kc:20000|-20000:Alice|Bob
STATE:867:f:AsQh|Jd7h:50|-50:Bob|Alice
STATE:868:r20000f:Ac4h|9h6d:-100|100:Alice|Bob
STATE:869:f:JhKh|5cJc:50|-50:Bob|Alice
STATE:870:f:4d5h|2hQd:50|-50:Alice|Bob
STATE:871:f:2d6d|5c3d:50|-50:Bob|Alice
STATE:872:cr5632c/r6352f:2d3d|9c5s/9s6s7h:5632|-5632:Alice|Bob
STATE:873:f:8d8h|Qh7d:50|-50:Bob|Alice
STATE:874:r20000f:4sKs|4d8h:-100|100:Alice|Bob
STATE:875:cr20000f:7s3c|As3d:100|-100:Bob|Alice
STATE:876:cr17099r20000c///:8h5s|6dTh/KhAd8c/5c/Kc:20000|-20000:Alice|Bob
STATE:877:r19849f:7d7h|QsQh:-100|100:Bob|Alice
STATE:878:r200c/r1368r20000f:9cQh|AhTs/7c8s5c:-1368|1368:Alice|Bob
STATE:879:cc/cc/r20000f:8d4d|9cQh/5s2hKd/8h:100|-100:Bob|Alice
STATE:880:f:Qs7s|3sKc:50|-50:Alice|Bob
STATE:881:r17291f:Ac5s|9c2d:-100|100:Bob|Alice
STATE:882:r200r11738f:TsJs|3h4h:200|-200:Alice|Bob
STATE:883:f:7sQd|Jc7d:50|-50:Bob|Alice
STATE:884:cr4245c/r18377r20000f:3d2d|Kh6d/KsAc6c:-18377|18377:Alice|Bob
STATE:885:cr200r14086c/r14186c/r14286r17660c/cc:6hTc|ThKs/8cJcAd/5s/Td:-17660|17660:Bob|Alice
STATE:886:f:Td6c|7dKs:50|-50:Alice|Bob
STATE:887:r14242c/r20000c//:2s7c|JhJs/As4h9s/Qh/Qd:-20000|20000:Bob|Alice
STATE:888:cr15632r20000c///:As5s|6dJc/4c3hKh/7s/Kd:20000|-20000:Alice|Bob
STATE:889:r14928r20000c///:Kh5c|9cJd/8d2s2c/Qs/Jc:-20000|20000:Bob|Alice
STATE:890:r200c/cc/r13977r20000f:9h8d|7c4d/5hQh2d/Ac:-13977|13977:Alice|Bob
STATE:891:cc/r200c/r300c/cc:2cJc|Ks9s/2h7sAs/6s/3c:-300|300:Bob|Alice
STATE:892:f:7h8c|Ad6c:50|-50:Alice|Bob
STATE:893:r4261f:Jh2c|Tc9c:-100|100:Bob|Alice
STATE:894:f:8d9c|6c7s:50|-50:Alice|Bob
STATE:895:r18155r20000c///:4s2d|4hKc/Jd9d8h/Ac/5d:-20000|20000:Bob|Alice
STATE:896:cr7562r15024r20000c///:Jc5c|5sAd/Ts4h6s/5h/7c:-20000|20000:Alice|Bob
STATE:897:r9837f:Ts3c|6s6h:-100|100:Bob|Alice
STATE:898:r200c/r9289f:9c5d|Td5s/3h9hKd:200|-200:Alice|Bob
STATE:899:f:KdTd|7cTc:50|-50:Bob|Alice
STATE:900:r200f:5h3h|6c5d:-100|100:Alice|Bob
STATE:901:cr20000f:JdQc|Jc7c:100|-100:Bob|Alice
STATE:902:r20000f:Ah4s|Ks4d:-100|100:Alice|Bob
STATE:903:r8620r17140r20000f:Ad6c|Kc2c:-17140|17140:Bob|Alice
STATE:904:cr6520f:8dQh|JhTd:100|-100:Alice|Bob
STATE:905:f:3s4s|3d2c:50|-50:Bob|Alice
STATE:906:f:Kd4c|8cJc:50|-50:Alice|Bob
STATE:907:f:Ks5h|8s5s:50|-50:Bob|Alice
STATE:908:cc/cr200r8912f:8d3s|2s6c/Kd4d8c:200|-200:Alice|Bob
STATE:909:r15498r20000c///:9hAs|5d9d/6d7d7s/Td/2c:-20000|20000:Bob|Alice
STATE:910:f:Kd4s|4dJc:50|-50:Alice|Bob
STATE:911:f:9s8d|3h2d:50|-50:Bob|Alice
STATE:912:cr10662c/r10822r20000c//:8cTc|4cJc/8s5cTh/Ad/5d:20000|-20000:Alice|Bob
STATE:913:f:ThAd|4sQs:50|-50:Bob|Alice
STATE:914:r200r19040r20000c///:3hKd|3sKh/7s5cJh/Ac/5h:0|0:Alice|Bob
STATE:915:f:AdTc|Th9c:50|-50:Bob|Alice
STATE:916:f:Qs6h|4s2h:50|-50:Alice|Bob
STATE:917:f:4s9c|2c2d:50|-50:Bob|Alice
STATE:918:f:6c4c|Tc7d:50|-50:Alice|Bob
STATE:919:f:TdQd|9h2h:50|-50:Bob|Alice
STATE:920:cc/r16233c/r17274r20000c/:7d8s|Jd6h/KsTh7h/As/Ts:20000|-20000:Alice|Bob
STATE:921:r999r20000c///:Jh5d|AcAs/8sKdKc/Jc/Qd:-20000|20000:Bob|Alice
STATE:922:f:2sKh|8c7d:50|-50:Alice|Bob
STATE:923:cr20000f:2hKd|Ac7d:100|-100:Bob|Alice
STATE:924:f:9hAs|7c2h:50|-50:Alice|Bob
STATE:925:f:QsAs|7d4h:50|-50:Bob|Alice
STATE:926:f:5hKc|2hTd:50|-50:Alice|Bob
STATE:927:f:6c9d|3s7c:50|-50:Bob|Alice
STATE:928:r20000f:7h6s|Qs2c:-100|100:Alice|Bob
STATE:929:f:5dTs|8s5c:50|-50:Bob|Alice
STATE:930:r200f:6c4s|Qs2h:-100|100:Alice|Bob
STATE:931:f:ThTc|2d3s:50|-50:Bob|Alice
STATE:932:r20000f:2dJh|7h5d:-100|100:Alice|Bob
STATE:933:f:TsJh|4c5d:50|-50:Bob|Alice
STATE:934:f:AcTc|Kh5c:50|-50:Alice|Bob
STATE:935:r1349r2598r14983c/cr17327c/r17427r18536f:5h2h|Ad9s/3sTc7c/3h:-17427|17427:Bob|Alice
STATE:936:cr10345f:KsTd|4d6h:100|-100:Alice|Bob
STATE:937:f:8h6d|3d7c:50|-50:Bob|Alice
STATE:938:cr16804c/cc/r19581f:2cAd|3dKc/6d4d7c/9s:16804|-16804:Alice|Bob
STATE:939:cr20000f:QhKh|Ad3h:100|-100:Bob|Alice
STATE:940:cr16404f:JdQd|3hTs:100|-100:Alice|Bob
STATE:941:r14710f:8s2h|KsJh:-100|100:Bob|Alice
STATE:942:r200r15583r20000c///:Kd5s|As7h/TsTd8c/Qh/7c:-20000|20000:Alice|Bob
STATE:943:r1037r20000c///:3h4h|AdJd/6d7d8c/3c/4d:-20000|20000:Bob|Alice
STATE:944:cr16780r20000c///:Jd6c|Qd8d/Jh3c2h/Ah/8s:20000|-20000:Alice|Bob
STATE:945:r6823r20000f:Kd2s|Js7c:6823|-6823:Bob|Alice
STATE:946:cr19089r20000f:2c5h|Ad7c:-19089|19089:Alice|Bob
STATE:947:cc/cc/cr13418r20000c/:8cTd|6sKc/9hKs9s/Qc/3h:-20000|20000:Bob|Alice
STATE:948:r200c/r6892r20000c//:8hQd|4sKs/5h6sTs/2h/Jd:-20000|20000:Alice|Bob
STATE:949:f:KdTs|4s7h:50|-50:Bob|Alice
STATE:950:r20000f:5h9s|Th6d:-100|100:Alice|Bob
STATE:951:cc/r20000c//:7h4s|Jh8h/Td9h2s/Kd/Js:-20000|20000:Bob|Alice
STATE:952:r20000f:Qc9c|Kc6s:-100|100:Alice|Bob
STATE:953:f:Qd8h|6cJh:50|-50:Bob|Alice
STATE:954:cr11582f:6s8s|Jd9h:100|-100:Alice|Bob
STATE:955:f:6sAd|4h8h:50|-50:Bob|Alice
STATE:956:cr8889r20000f:9c4d|Qs5h:-8889|8889:Alice|Bob
STATE:957:f:Kh9s|2h5c:50|-50:Bob|Alice
STATE:958:f:Kd3h|TcKs:50|-50:Alice|Bob
STATE:959:cr200r8434f:8h6s|Ks5h:-200|200:Bob|Alice
STATE:960:f:2c7d|8d3d:50|-50:Alice|Bob
STATE:961:f:9hAs|5d6c:50|-50:Bob|Alice
STATE:962:f:Js3c|5cKs:50|-50:Alice|Bob
STATE:963:f:9sJc|5d8h:50|-50:Bob|Alice
STATE:964:f:9s4c|7h6h:50|-50:Alice|Bob
STATE:965:cr20000f:3sAh|QhKs:100|-100:Bob|Alice
STATE:966:f:3d7d|7h6s:50|-50:Alice|Bob
STATE:967:f:9d7c|Qc5d:50|-50:Bob|Alice
STATE:968:f:Tc2h|AhJs:50|-50:Alice|Bob
STATE:969:f:KcAh|3h5d:50|-50:Bob|Alice
STATE:970:cc/r1818c/cr20000f:4c4s|KdAs/AdThTc/9h:-1818|1818:Alice|Bob
STATE:971:r7186f:KcJh|9c9s:-100|100:Bob|Alice
STATE:972:r20000f:3c9d|Tc2s:-100|100:Alice|Bob
STATE:973:r1868c/cc/cc/r20000f:9s9c|Ks9h/Ac4cQh/Ts/4h:1868|-1868:Bob|Alice
STATE:974:r20000f:Tc7h|As3c:-100|100:Alice|Bob
STATE:975:f:Qd9d|Ts3h:50|-50:Bob|Alice
STATE:976:f:9h8d|6c2s:50|-50:Alice|Bob
STATE:977:f:Qs8c|6d5c:50|-50:Bob|Alice
STATE:978:f:3s5s|8s2s:50|-50:Alice|Bob
STATE:979:cc/cr1870r3640r19311r20000c//:Jh6d|KdAs/TsJc4s/3h/Ad:-20000|20000:Bob|Alice
STATE:980:cr19364r20000c///:Qc3s|2c6d/Jc7s7d/Tc/Ts:20000|-20000:Alice|Bob
STATE:981:f:Td4s|5d6h:50|-50:Bob|Alice
STATE:982:cr3933f:3d4s|2h7s:100|-100:Alice|Bob
STATE:983:r14531r20000c///:2s4c|3c2c/9cTdAd/Ac/Qc:-20000|20000:Bob|Alice
STATE:984:r20000f:3dKh|9s7s:-100|100:Alice|Bob
STATE:985:cr200c/r20000f:8d9c|5hKs/Jh6h5s:200|-200:Bob|Alice
STATE:986:cr7690r15280c/r19484r20000c//:6sAd|4c9s/As8h5c/7c/6h:-20000|20000:Alice|Bob
STATE:987:cr20000f:QcTs|6cKs:100|-100:Bob|Alice
STATE:988:r200f:3s4d|8s5d:-100|100:Alice|Bob
STATE:989:f:QsKc|8c2c:50|-50:Bob|Alice
STATE:990:f:3s5d|Td2s:50|-50:Alice|Bob
STATE:991:r15046r20000c///:7d5s|Kh9c/As3hTs/Jh/Js:-20000|20000:Bob|Alice
STATE:992:r200r6354f:Kh6h|As2h:200|-200:Alice|Bob
STATE:993:cr200r3910f:8c7d|QcKc:-200|200:Bob|Alice
STATE:994:r20000f:6s9d|4dQd:-100|100:Alice|Bob
STATE:995:r15749r20000c///:6c2d|9cKs/4dKc7d/Td/Ah:-20000|20000:Bob|Alice
STATE:996:r200r11855r20000c///:9h7h|3d8s/JcAc5c/Ah/Ks:20000|-20000:Alice|Bob
STATE:997:f:5s9c|8dJh:50|-50:Bob|Alice
STATE:998:r200r11550f:Kc6h|Qc3s:200|-200:Alice|Bob
STATE:999:r16631r20000c///:Jc8d|TdQd/As6d6h/7h/4s:-20000|20000:Bob|Alice
SCORE:832459|-832459:Alice|Bob
